
> folderwhisper@0.1.0 build
> next build --webpack

▲ Next.js 16.1.6 (webpack)

  Creating an optimized production build ...
Found 1 warning while optimizing generated CSS:

[2m│   }[22m
[2m│ }[22m
[2m│[22m @import url("https://fonts.googleapis.com/css2?family=Inter:wght@300;400;500;600;700;800&family=JetBrains+Mono:wght@400;500&display=swap");
[2m┆[22m        [33m[2m^--[22m @import rules must precede all rules aside from @charset and @layer statements[39m
[2m┆[22m
[2m│ :root {[22m
[2m│   --bg-base: #080c14;[22m

✓ Compiled successfully in 7.5s
  Running TypeScript ...
  Collecting page data using 23 workers ...
  Generating static pages using 23 workers (0/4) ...
  Generating static pages using 23 workers (1/4) 
  Generating static pages using 23 workers (2/4) 
  Generating static pages using 23 workers (3/4) 
✓ Generating static pages using 23 workers (4/4) in 776.5ms
  Finalizing page optimization ...
  Collecting build traces ...

Route (app)
┌ ○ /
└ ○ /_not-found


○  (Static)  prerendered as static content

